<?xml version="1.0" encoding="UTF-8"?>
<!-- Generated by org.testng.reporters.JUnitXMLReporter -->
<testsuite hostname="LAPTOP-819O7F5I" ignored="0" name="Google News" tests="1" failures="1" timestamp="2021-05-30T21:22:49 IST" time="12.049" errors="0">
  <testcase name="@AfterMethod tearDown" time="0.005" classname="com.qa.googleNews.scenario.GoogleNewsTest">
    <failure type="java.lang.NullPointerException">
      <![CDATA[java.lang.NullPointerException
at com.qa.googleNews.scenario.GoogleNewsTest.tearDown(GoogleNewsTest.java:41)
at java.util.ArrayList.forEach(Unknown Source)
... Removed 32 stack frames]]>
    </failure>
  </testcase> <!-- @AfterMethod tearDown -->
  <testcase name="validateGoogleNewsPage" time="0.018" classname="com.qa.googleNews.scenario.GoogleNewsTest">
    <failure type="java.lang.NullPointerException">
      <![CDATA[java.lang.NullPointerException
at com.qa.googlenews.pages.GoogleNewsPage.validate_Click_SportsTab(GoogleNewsPage.java:34)
at com.qa.googleNews.scenario.GoogleNewsTest.validateGoogleNewsPage(GoogleNewsTest.java:31)
at java.util.ArrayList.forEach(Unknown Source)
... Removed 27 stack frames]]>
    </failure>
  </testcase> <!-- validateGoogleNewsPage -->
</testsuite> <!-- Google News -->
